<?xml version="1.0" encoding="UTF-8"?>
<!-- Generated by org.testng.reporters.JUnitXMLReporter -->
<testsuite hostname="LAPTOP-VENRDOLB" ignored="0" name="FlipboardLoginTest" tests="3" failures="1" timestamp="23 May 2021 22:21:40 GMT" time="55.951" errors="0">
  <testcase name="runScenario" time="14.952" classname="io.cucumber.testng.AbstractTestNGCucumberTests"/>
  <testcase name="runScenario" time="14.538" classname="io.cucumber.testng.AbstractTestNGCucumberTests"/>
  <testcase name="runScenario" time="25.477" classname="io.cucumber.testng.AbstractTestNGCucumberTests">
    <failure type="java.lang.AssertionError" message="null">
      <![CDATA[java.lang.AssertionError: null
at steps.FlipboardSteps.user_enters_the_(FlipboardSteps.java:97)
at ✽.user enters the airpods(file:src/test/resources/features/SearchItem.feature:12)
... Removed 2 stack frames]]>
    </failure>
  </testcase> <!-- runScenario -->
</testsuite> <!-- FlipboardLoginTest -->
