<?xml version="1.0" encoding="UTF-8"?>
<testsuite name="TestSuite" time="14.953" tests="3" errors="0" skipped="0" failures="1">
  <properties>
[...]
</properties>
  <testcase name="runScenario" classname="runner.RunCuke" time="14.953"/>
  <testcase name="runScenario" classname="runner.RunCuke" time="14.537"/>
  <testcase name="runScenario" classname="runner.RunCuke" time="25.486">
    <failure type="java.lang.AssertionError:">java.lang.AssertionError: null
	at org.testng.Assert.fail(Assert.java:96)
	at org.testng.Assert.fail(Assert.java:103)
	at steps.FlipboardSteps.user_enters_the_(FlipboardSteps.java:97)
	at ✽.user enters the airpods(file:src/test/resources/features/SearchItem.feature:12)
</failure>
    <system-out><![CDATA[&amp#27;[35m[Appium]&amp#27;[39m Welcome to Appium v1.21.0
&amp#27;[35m[Appium]&amp#27;[39m Non-default server args:
&amp#27;[35m[Appium]&amp#27;[39m   logFile: C:\Users\rajes\Desktop\CucumberPageObjects\src\test\resources\logs\log.txt
&amp#27;[35m[Appium]&amp#27;[39m   localTimezone: true
&amp#27;[35m[HTTP]&amp#27;[39m Could not start REST http interface listener. The requested port may already be in use. Please make sure there is no other instance of this server running already.
Fatal Error: listen EADDRINUSE: address already in use 0.0.0.0:4723
    at Server.setupListenHandle [as _listen2] (net.js:1318:16)
    at listenInCluster (net.js:1366:12)
    at doListen (net.js:1503:7)
    at processTicksAndRejections (internal/process/task_queues.js:81:21)
]]></system-out>
    <system-err><![CDATA[May 23, 2021 5:21:21 PM io.appium.java_client.remote.AppiumCommandExecutor$1 lambda$0
INFO: Detected dialect: W3C
]]></system-err>
  </testcase>
</testsuite>