<?xml version="1.0" encoding="UTF-8"?>
<testng-results ignored="0" total="3" passed="3" failed="0" skipped="0">
  <reporter-output>
  </reporter-output>
  <suite started-at="2021-05-23T22:02:33Z" name="Suite" finished-at="2021-05-23T22:03:30Z" duration-ms="56903">
    <groups>
      <group name="cucumber">
        <method signature="AbstractTestNGCucumberTests.runScenario(io.cucumber.testng.PickleEventWrapper, io.cucumber.testng.CucumberFeatureWrapper)[pri:0, instance:runner.RunCuke@3098cf3b]" name="runScenario" class="io.cucumber.testng.AbstractTestNGCucumberTests"/>
      </group> <!-- cucumber -->
    </groups>
    <test started-at="2021-05-23T22:02:33Z" name="FlipboardLoginTest" finished-at="2021-05-23T22:03:30Z" duration-ms="56903">
      <class name="runner.RunCuke">
        <test-method is-config="true" signature="setUpClass()[pri:0, instance:runner.RunCuke@3098cf3b]" started-at="2021-05-23T22:02:33Z" name="setUpClass" finished-at="2021-05-23T22:02:33Z" duration-ms="319" status="PASS">
          <reporter-output>
          </reporter-output>
        </test-method> <!-- setUpClass -->
        <test-method signature="runScenario(io.cucumber.testng.PickleEventWrapper, io.cucumber.testng.CucumberFeatureWrapper)[pri:0, instance:runner.RunCuke@3098cf3b]" started-at="2021-05-23T22:02:33Z" name="runScenario" description="Runs Cucumber Scenarios" data-provider="scenarios" finished-at="2021-05-23T22:02:48Z" duration-ms="14592" status="PASS">
          <params>
            <param index="0">
              <value>
                <![CDATA["In order to verify login to flipboard app"]]>
              </value>
            </param>
            <param index="1">
              <value>
                <![CDATA["Login Feature"]]>
              </value>
            </param>
          </params>
          <reporter-output>
          </reporter-output>
        </test-method> <!-- runScenario -->
        <test-method signature="runScenario(io.cucumber.testng.PickleEventWrapper, io.cucumber.testng.CucumberFeatureWrapper)[pri:0, instance:runner.RunCuke@3098cf3b]" started-at="2021-05-23T22:02:48Z" name="runScenario" description="Runs Cucumber Scenarios" data-provider="scenarios" finished-at="2021-05-23T22:03:02Z" duration-ms="14387" status="PASS">
          <params>
            <param index="0">
              <value>
                <![CDATA["In order to verify login to flipboard app"]]>
              </value>
            </param>
            <param index="1">
              <value>
                <![CDATA["Login Feature"]]>
              </value>
            </param>
          </params>
          <reporter-output>
          </reporter-output>
        </test-method> <!-- runScenario -->
        <test-method signature="runScenario(io.cucumber.testng.PickleEventWrapper, io.cucumber.testng.CucumberFeatureWrapper)[pri:0, instance:runner.RunCuke@3098cf3b]" started-at="2021-05-23T22:03:02Z" name="runScenario" description="Runs Cucumber Scenarios" data-provider="scenarios" finished-at="2021-05-23T22:03:29Z" duration-ms="26928" status="PASS">
          <params>
            <param index="0">
              <value>
                <![CDATA["In order to Search Items flipboard app"]]>
              </value>
            </param>
            <param index="1">
              <value>
                <![CDATA["Search Item Feature"]]>
              </value>
            </param>
          </params>
          <reporter-output>
          </reporter-output>
        </test-method> <!-- runScenario -->
        <test-method is-config="true" signature="tearDownClass()[pri:0, instance:runner.RunCuke@3098cf3b]" started-at="2021-05-23T22:03:29Z" name="tearDownClass" finished-at="2021-05-23T22:03:30Z" duration-ms="619" status="PASS">
          <reporter-output>
          </reporter-output>
        </test-method> <!-- tearDownClass -->
      </class> <!-- runner.RunCuke -->
    </test> <!-- FlipboardLoginTest -->
  </suite> <!-- Suite -->
</testng-results>
