<?xml version="1.0" encoding="UTF-8"?>
<testng-results ignored="0" total="3" passed="3" failed="0" skipped="0">
  <reporter-output>
  </reporter-output>
  <suite started-at="2021-05-24T03:44:30Z" name="Suite" finished-at="2021-05-24T03:45:31Z" duration-ms="60945">
    <groups>
      <group name="cucumber">
        <method signature="AbstractTestNGCucumberTests.runScenario(io.cucumber.testng.PickleEventWrapper, io.cucumber.testng.CucumberFeatureWrapper)[pri:0, instance:runner.RunCuke@2118cddf]" name="runScenario" class="io.cucumber.testng.AbstractTestNGCucumberTests"/>
      </group> <!-- cucumber -->
    </groups>
    <test started-at="2021-05-24T03:44:30Z" name="FlipboardLoginTest" finished-at="2021-05-24T03:45:31Z" duration-ms="60945">
      <class name="runner.RunCuke">
        <test-method is-config="true" signature="setUpClass()[pri:0, instance:runner.RunCuke@2118cddf]" started-at="2021-05-24T03:44:30Z" name="setUpClass" finished-at="2021-05-24T03:44:30Z" duration-ms="444" status="PASS">
          <reporter-output>
          </reporter-output>
        </test-method> <!-- setUpClass -->
        <test-method signature="runScenario(io.cucumber.testng.PickleEventWrapper, io.cucumber.testng.CucumberFeatureWrapper)[pri:0, instance:runner.RunCuke@2118cddf]" started-at="2021-05-24T03:44:30Z" name="runScenario" description="Runs Cucumber Scenarios" data-provider="scenarios" finished-at="2021-05-24T03:44:46Z" duration-ms="15799" status="PASS">
          <params>
            <param index="0">
              <value>
                <![CDATA["In order to verify login to flipboard app"]]>
              </value>
            </param>
            <param index="1">
              <value>
                <![CDATA["Login Feature"]]>
              </value>
            </param>
          </params>
          <reporter-output>
          </reporter-output>
        </test-method> <!-- runScenario -->
        <test-method signature="runScenario(io.cucumber.testng.PickleEventWrapper, io.cucumber.testng.CucumberFeatureWrapper)[pri:0, instance:runner.RunCuke@2118cddf]" started-at="2021-05-24T03:44:46Z" name="runScenario" description="Runs Cucumber Scenarios" data-provider="scenarios" finished-at="2021-05-24T03:45:01Z" duration-ms="15552" status="PASS">
          <params>
            <param index="0">
              <value>
                <![CDATA["In order to verify login to flipboard app"]]>
              </value>
            </param>
            <param index="1">
              <value>
                <![CDATA["Login Feature"]]>
              </value>
            </param>
          </params>
          <reporter-output>
          </reporter-output>
        </test-method> <!-- runScenario -->
        <test-method signature="runScenario(io.cucumber.testng.PickleEventWrapper, io.cucumber.testng.CucumberFeatureWrapper)[pri:0, instance:runner.RunCuke@2118cddf]" started-at="2021-05-24T03:45:01Z" name="runScenario" description="Runs Cucumber Scenarios" data-provider="scenarios" finished-at="2021-05-24T03:45:30Z" duration-ms="28046" status="PASS">
          <params>
            <param index="0">
              <value>
                <![CDATA["In order to Search Items flipboard app"]]>
              </value>
            </param>
            <param index="1">
              <value>
                <![CDATA["Search Item Feature"]]>
              </value>
            </param>
          </params>
          <reporter-output>
          </reporter-output>
        </test-method> <!-- runScenario -->
        <test-method is-config="true" signature="tearDownClass()[pri:0, instance:runner.RunCuke@2118cddf]" started-at="2021-05-24T03:45:30Z" name="tearDownClass" finished-at="2021-05-24T03:45:31Z" duration-ms="1043" status="PASS">
          <reporter-output>
          </reporter-output>
        </test-method> <!-- tearDownClass -->
      </class> <!-- runner.RunCuke -->
    </test> <!-- FlipboardLoginTest -->
  </suite> <!-- Suite -->
</testng-results>
